c:\users\lwq\documents\github\weclound\debug\mainwindow.obj
c:\users\lwq\documents\github\weclound\debug\main.obj
c:\users\lwq\documents\github\weclound\debug\qssfile.obj
c:\users\lwq\documents\github\weclound\debug\qdlglogin.obj
c:\users\lwq\documents\github\weclound\debug\vc142.pdb
c:\users\lwq\documents\github\weclound\debug\moc_qssfile.obj
c:\users\lwq\documents\github\weclound\debug\moc_qssfile.asm
c:\users\lwq\documents\github\weclound\debug\moc_mainwindow.obj
c:\users\lwq\documents\github\weclound\debug\moc_mainwindow.asm
c:\users\lwq\documents\github\weclound\debug\moc_qdlglogin.obj
c:\users\lwq\documents\github\weclound\debug\moc_qdlglogin.asm
c:\users\lwq\documents\github\weclound\debug\qrc_source.obj
c:\users\lwq\documents\github\weclound\debug\qrc_source.asm
c:\users\lwq\documents\github\weclound\debug\moc_predefs.h
c:\users\lwq\documents\github\weclound\debug\weclound.ilk
c:\users\lwq\documents\github\weclound\debug\weclound.exe
c:\users\lwq\documents\github\weclound\debug\weclound.pdb
c:\users\lwq\documents\github\weclound\debug\\moc\\moc_mainwindow.cpp
c:\users\lwq\documents\github\weclound\debug\\moc\\moc_qdlglogin.cpp
c:\users\lwq\documents\github\weclound\debug\\moc\\moc_qssfile.cpp
c:\users\lwq\documents\github\weclound\debug\\rcc\\qrc_source.cpp
c:\users\lwq\documents\github\weclound\debug\\uic\\ui_mainwindow.h
c:\users\lwq\documents\github\weclound\debug\\uic\\ui_qdlglogin.h
c:\users\lwq\documents\github\weclound\debug\uic\ui_mainwindow.h
c:\users\lwq\documents\github\weclound\debug\uic\ui_qdlglogin.h
c:\users\lwq\documents\github\weclound\debug\rcc\qrc_source.cpp
c:\users\lwq\documents\github\weclound\debug\moc\moc_mainwindow.cpp
c:\users\lwq\documents\github\weclound\debug\moc\moc_qdlglogin.cpp
c:\users\lwq\documents\github\weclound\debug\moc\moc_qssfile.cpp
c:\users\lwq\documents\github\weclound\debug\weclound.tlog\cl.161184.write.1.tlog
c:\users\lwq\documents\github\weclound\debug\weclound.tlog\cl.command.1.tlog
c:\users\lwq\documents\github\weclound\debug\weclound.tlog\cl.read.1.tlog
c:\users\lwq\documents\github\weclound\debug\weclound.tlog\custombuild.command.1.tlog
c:\users\lwq\documents\github\weclound\debug\weclound.tlog\custombuild.read.1.tlog
c:\users\lwq\documents\github\weclound\debug\weclound.tlog\custombuild.write.1.tlog
c:\users\lwq\documents\github\weclound\debug\weclound.tlog\link.command.1.tlog
c:\users\lwq\documents\github\weclound\debug\weclound.tlog\link.read.1.tlog
c:\users\lwq\documents\github\weclound\debug\weclound.tlog\link.write.1.tlog
c:\users\lwq\documents\github\weclound\debug\weclound.tlog\moc.read.1u.tlog
c:\users\lwq\documents\github\weclound\debug\weclound.tlog\moc.write.1u.tlog
c:\users\lwq\documents\github\weclound\debug\weclound.tlog\rcc.read.1u.tlog
c:\users\lwq\documents\github\weclound\debug\weclound.tlog\rcc.write.1u.tlog
c:\users\lwq\documents\github\weclound\debug\weclound.tlog\uic.read.1u.tlog
c:\users\lwq\documents\github\weclound\debug\weclound.tlog\uic.write.1u.tlog
c:\users\lwq\documents\github\weclound\debug\weclound.tlog\weclound.write.1u.tlog
